<?xml version="1.0" encoding="UTF-8"?>
<!-- Generated by org.testng.reporters.JUnitReportReporter -->
<testsuite skipped="0" hostname="DESKTOP-6U2ELF0" name="orange.HRM.TestCases.VerifyOrangeHRMLogin" tests="1" failures="0" timestamp="2021-12-21T14:06:07 IST" time="20.433" errors="0">
  <testcase name="VerifyValidLogin" time="20.433" classname="orange.HRM.TestCases.VerifyOrangeHRMLogin"/>
  <system-out/>
</testsuite> <!-- orange.HRM.TestCases.VerifyOrangeHRMLogin -->
